[2025-11-28 10:25:12Z INFO HostContext] No proxy settings were found based on environmental variables (http_proxy/https_proxy/HTTP_PROXY/HTTPS_PROXY)
[2025-11-28 10:25:12Z INFO HostContext] Well known directory 'Bin': '/Users/waney/Documents/메가존/argoCD/actions-runner/bin'
[2025-11-28 10:25:12Z INFO HostContext] Well known directory 'Root': '/Users/waney/Documents/메가존/argoCD/actions-runner'
[2025-11-28 10:25:12Z INFO HostContext] Well known config file 'Credentials': '/Users/waney/Documents/메가존/argoCD/actions-runner/.credentials'
[2025-11-28 10:25:12Z INFO HostContext] Well known directory 'Bin': '/Users/waney/Documents/메가존/argoCD/actions-runner/bin'
[2025-11-28 10:25:12Z INFO HostContext] Well known directory 'Root': '/Users/waney/Documents/메가존/argoCD/actions-runner'
[2025-11-28 10:25:12Z INFO HostContext] Well known config file 'Runner': '/Users/waney/Documents/메가존/argoCD/actions-runner/.runner'
[2025-11-28 10:25:12Z INFO Listener] Runner is built for OSX (X64) - osx-x64.
[2025-11-28 10:25:12Z INFO Listener] RuntimeInformation: Darwin 23.2.0 Darwin Kernel Version 23.2.0: Wed Nov 15 21:55:06 PST 2023; root:xnu-10002.61.3~2/RELEASE_ARM64_T6020.
[2025-11-28 10:25:12Z INFO Listener] Version: 2.295.0
[2025-11-28 10:25:12Z INFO Listener] Commit: 78d13b4c96e0857c1323febcb0cac7d8f5cf5822
[2025-11-28 10:25:12Z INFO Listener] Culture: 
[2025-11-28 10:25:12Z INFO Listener] UI Culture: 
[2025-11-28 10:25:12Z INFO HostContext] Well known directory 'Bin': '/Users/waney/Documents/메가존/argoCD/actions-runner/bin'
[2025-11-28 10:25:12Z INFO HostContext] Well known directory 'Root': '/Users/waney/Documents/메가존/argoCD/actions-runner'
[2025-11-28 10:25:12Z INFO Listener] Validating directory permissions for: '/Users/waney/Documents/메가존/argoCD/actions-runner'
[2025-11-28 10:25:12Z INFO CommandLineParser] Parse
[2025-11-28 10:25:12Z INFO CommandLineParser] Parsing 1 args
[2025-11-28 10:25:12Z INFO CommandLineParser] parsing argument
[2025-11-28 10:25:12Z INFO CommandLineParser] HasArgs: False
[2025-11-28 10:25:12Z INFO CommandLineParser] Adding Command: run
[2025-11-28 10:25:12Z INFO Listener] Arguments parsed
[2025-11-28 10:25:12Z INFO Runner] ExecuteCommand
[2025-11-28 10:25:12Z INFO ConfigurationStore] currentAssemblyLocation: /Users/waney/Documents/메가존/argoCD/actions-runner/bin/Runner.Listener.dll
[2025-11-28 10:25:12Z INFO HostContext] Well known directory 'Bin': '/Users/waney/Documents/메가존/argoCD/actions-runner/bin'
[2025-11-28 10:25:12Z INFO ConfigurationStore] binPath: /Users/waney/Documents/메가존/argoCD/actions-runner/bin
[2025-11-28 10:25:12Z INFO HostContext] Well known directory 'Bin': '/Users/waney/Documents/메가존/argoCD/actions-runner/bin'
[2025-11-28 10:25:12Z INFO HostContext] Well known directory 'Root': '/Users/waney/Documents/메가존/argoCD/actions-runner'
[2025-11-28 10:25:12Z INFO ConfigurationStore] RootFolder: /Users/waney/Documents/메가존/argoCD/actions-runner
[2025-11-28 10:25:12Z INFO HostContext] Well known directory 'Bin': '/Users/waney/Documents/메가존/argoCD/actions-runner/bin'
[2025-11-28 10:25:12Z INFO HostContext] Well known directory 'Root': '/Users/waney/Documents/메가존/argoCD/actions-runner'
[2025-11-28 10:25:12Z INFO HostContext] Well known config file 'Runner': '/Users/waney/Documents/메가존/argoCD/actions-runner/.runner'
[2025-11-28 10:25:12Z INFO ConfigurationStore] ConfigFilePath: /Users/waney/Documents/메가존/argoCD/actions-runner/.runner
[2025-11-28 10:25:12Z INFO HostContext] Well known directory 'Bin': '/Users/waney/Documents/메가존/argoCD/actions-runner/bin'
[2025-11-28 10:25:12Z INFO HostContext] Well known directory 'Root': '/Users/waney/Documents/메가존/argoCD/actions-runner'
[2025-11-28 10:25:12Z INFO HostContext] Well known config file 'Credentials': '/Users/waney/Documents/메가존/argoCD/actions-runner/.credentials'
[2025-11-28 10:25:12Z INFO ConfigurationStore] CredFilePath: /Users/waney/Documents/메가존/argoCD/actions-runner/.credentials
[2025-11-28 10:25:12Z INFO HostContext] Well known directory 'Bin': '/Users/waney/Documents/메가존/argoCD/actions-runner/bin'
[2025-11-28 10:25:12Z INFO HostContext] Well known directory 'Root': '/Users/waney/Documents/메가존/argoCD/actions-runner'
[2025-11-28 10:25:12Z INFO HostContext] Well known config file 'MigratedCredentials': '/Users/waney/Documents/메가존/argoCD/actions-runner/.credentials_migrated'
[2025-11-28 10:25:12Z INFO ConfigurationStore] MigratedCredFilePath: /Users/waney/Documents/메가존/argoCD/actions-runner/.credentials_migrated
[2025-11-28 10:25:12Z INFO HostContext] Well known directory 'Bin': '/Users/waney/Documents/메가존/argoCD/actions-runner/bin'
[2025-11-28 10:25:12Z INFO HostContext] Well known directory 'Root': '/Users/waney/Documents/메가존/argoCD/actions-runner'
[2025-11-28 10:25:12Z INFO HostContext] Well known config file 'Service': '/Users/waney/Documents/메가존/argoCD/actions-runner/.service'
[2025-11-28 10:25:12Z INFO ConfigurationStore] ServiceConfigFilePath: /Users/waney/Documents/메가존/argoCD/actions-runner/.service
[2025-11-28 10:25:12Z INFO CommandSettings] Flag 'help': 'False'
[2025-11-28 10:25:12Z INFO CommandSettings] Flag 'version': 'False'
[2025-11-28 10:25:12Z INFO CommandSettings] Flag 'commit': 'False'
[2025-11-28 10:25:12Z INFO CommandSettings] Flag 'check': 'False'
[2025-11-28 10:25:12Z INFO CommandSettings] Command 'configure': 'False'
[2025-11-28 10:25:12Z INFO CommandSettings] Command 'remove': 'False'
[2025-11-28 10:25:12Z INFO CommandSettings] Command 'warmup': 'False'
[2025-11-28 10:25:12Z INFO ConfigurationManager] LoadSettings
[2025-11-28 10:25:12Z INFO ConfigurationStore] IsConfigured()
[2025-11-28 10:25:12Z INFO ConfigurationStore] IsConfigured: False
[2025-11-28 10:25:12Z INFO ConfigurationManager] Is configured: False
[2025-11-28 10:25:12Z ERR  Terminal] WRITE ERROR: An error occurred: Not configured. Run config.(sh/cmd) to configure the runner.
[2025-11-28 10:25:12Z ERR  Listener] GitHub.Runner.Common.NonRetryableException: Not configured. Run config.(sh/cmd) to configure the runner.
   at GitHub.Runner.Listener.Configuration.ConfigurationManager.LoadSettings()
   at GitHub.Runner.Listener.Runner.ExecuteCommand(CommandSettings command)
   at GitHub.Runner.Listener.Program.MainAsync(IHostContext context, String[] args)
