[2025-11-28 10:24:51Z INFO HostContext] No proxy settings were found based on environmental variables (http_proxy/https_proxy/HTTP_PROXY/HTTPS_PROXY)
[2025-11-28 10:24:51Z INFO HostContext] Well known directory 'Bin': '/Users/waney/Documents/메가존/argoCD/actions-runner/bin'
[2025-11-28 10:24:51Z INFO HostContext] Well known directory 'Root': '/Users/waney/Documents/메가존/argoCD/actions-runner'
[2025-11-28 10:24:51Z INFO HostContext] Well known config file 'Credentials': '/Users/waney/Documents/메가존/argoCD/actions-runner/.credentials'
[2025-11-28 10:24:51Z INFO HostContext] Well known directory 'Bin': '/Users/waney/Documents/메가존/argoCD/actions-runner/bin'
[2025-11-28 10:24:51Z INFO HostContext] Well known directory 'Root': '/Users/waney/Documents/메가존/argoCD/actions-runner'
[2025-11-28 10:24:51Z INFO HostContext] Well known config file 'Runner': '/Users/waney/Documents/메가존/argoCD/actions-runner/.runner'
[2025-11-28 10:24:53Z INFO Listener] Runner is built for OSX (X64) - osx-x64.
[2025-11-28 10:24:53Z INFO Listener] RuntimeInformation: Darwin 23.2.0 Darwin Kernel Version 23.2.0: Wed Nov 15 21:55:06 PST 2023; root:xnu-10002.61.3~2/RELEASE_ARM64_T6020.
[2025-11-28 10:24:54Z INFO Listener] Version: 2.295.0
[2025-11-28 10:24:54Z INFO Listener] Commit: 78d13b4c96e0857c1323febcb0cac7d8f5cf5822
[2025-11-28 10:24:54Z INFO Listener] Culture: 
[2025-11-28 10:24:54Z INFO Listener] UI Culture: 
[2025-11-28 10:24:54Z INFO HostContext] Well known directory 'Bin': '/Users/waney/Documents/메가존/argoCD/actions-runner/bin'
[2025-11-28 10:24:54Z INFO HostContext] Well known directory 'Root': '/Users/waney/Documents/메가존/argoCD/actions-runner'
[2025-11-28 10:24:54Z INFO Listener] Validating directory permissions for: '/Users/waney/Documents/메가존/argoCD/actions-runner'
[2025-11-28 10:24:54Z INFO CommandLineParser] Parse
[2025-11-28 10:24:54Z INFO CommandLineParser] Parsing 5 args
[2025-11-28 10:24:54Z INFO CommandLineParser] parsing argument
[2025-11-28 10:24:54Z INFO CommandLineParser] HasArgs: False
[2025-11-28 10:24:54Z INFO CommandLineParser] Adding Command: configure
[2025-11-28 10:24:54Z INFO CommandLineParser] parsing argument
[2025-11-28 10:24:54Z INFO CommandLineParser] HasArgs: True
[2025-11-28 10:24:54Z INFO CommandLineParser] arg: url
[2025-11-28 10:24:54Z INFO CommandLineParser] parsing argument
[2025-11-28 10:24:54Z INFO CommandLineParser] HasArgs: True
[2025-11-28 10:24:54Z INFO CommandLineParser] Adding option 'url': 'https://github.com/ANchangwan/CI-CD-Practice.git'
[2025-11-28 10:24:54Z INFO CommandLineParser] parsing argument
[2025-11-28 10:24:54Z INFO CommandLineParser] HasArgs: True
[2025-11-28 10:24:54Z INFO CommandLineParser] arg: token
[2025-11-28 10:24:54Z INFO CommandLineParser] parsing argument
[2025-11-28 10:24:54Z INFO CommandLineParser] HasArgs: True
[2025-11-28 10:24:54Z INFO CommandLineParser] Adding option 'token': '***'
[2025-11-28 10:24:54Z INFO Listener] Arguments parsed
[2025-11-28 10:24:54Z INFO Runner] ExecuteCommand
[2025-11-28 10:24:54Z INFO ConfigurationStore] currentAssemblyLocation: /Users/waney/Documents/메가존/argoCD/actions-runner/bin/Runner.Listener.dll
[2025-11-28 10:24:54Z INFO HostContext] Well known directory 'Bin': '/Users/waney/Documents/메가존/argoCD/actions-runner/bin'
[2025-11-28 10:24:54Z INFO ConfigurationStore] binPath: /Users/waney/Documents/메가존/argoCD/actions-runner/bin
[2025-11-28 10:24:54Z INFO HostContext] Well known directory 'Bin': '/Users/waney/Documents/메가존/argoCD/actions-runner/bin'
[2025-11-28 10:24:54Z INFO HostContext] Well known directory 'Root': '/Users/waney/Documents/메가존/argoCD/actions-runner'
[2025-11-28 10:24:54Z INFO ConfigurationStore] RootFolder: /Users/waney/Documents/메가존/argoCD/actions-runner
[2025-11-28 10:24:54Z INFO HostContext] Well known directory 'Bin': '/Users/waney/Documents/메가존/argoCD/actions-runner/bin'
[2025-11-28 10:24:54Z INFO HostContext] Well known directory 'Root': '/Users/waney/Documents/메가존/argoCD/actions-runner'
[2025-11-28 10:24:54Z INFO HostContext] Well known config file 'Runner': '/Users/waney/Documents/메가존/argoCD/actions-runner/.runner'
[2025-11-28 10:24:54Z INFO ConfigurationStore] ConfigFilePath: /Users/waney/Documents/메가존/argoCD/actions-runner/.runner
[2025-11-28 10:24:54Z INFO HostContext] Well known directory 'Bin': '/Users/waney/Documents/메가존/argoCD/actions-runner/bin'
[2025-11-28 10:24:54Z INFO HostContext] Well known directory 'Root': '/Users/waney/Documents/메가존/argoCD/actions-runner'
[2025-11-28 10:24:54Z INFO HostContext] Well known config file 'Credentials': '/Users/waney/Documents/메가존/argoCD/actions-runner/.credentials'
[2025-11-28 10:24:54Z INFO ConfigurationStore] CredFilePath: /Users/waney/Documents/메가존/argoCD/actions-runner/.credentials
[2025-11-28 10:24:54Z INFO HostContext] Well known directory 'Bin': '/Users/waney/Documents/메가존/argoCD/actions-runner/bin'
[2025-11-28 10:24:54Z INFO HostContext] Well known directory 'Root': '/Users/waney/Documents/메가존/argoCD/actions-runner'
[2025-11-28 10:24:54Z INFO HostContext] Well known config file 'MigratedCredentials': '/Users/waney/Documents/메가존/argoCD/actions-runner/.credentials_migrated'
[2025-11-28 10:24:54Z INFO ConfigurationStore] MigratedCredFilePath: /Users/waney/Documents/메가존/argoCD/actions-runner/.credentials_migrated
[2025-11-28 10:24:54Z INFO HostContext] Well known directory 'Bin': '/Users/waney/Documents/메가존/argoCD/actions-runner/bin'
[2025-11-28 10:24:54Z INFO HostContext] Well known directory 'Root': '/Users/waney/Documents/메가존/argoCD/actions-runner'
[2025-11-28 10:24:54Z INFO HostContext] Well known config file 'Service': '/Users/waney/Documents/메가존/argoCD/actions-runner/.service'
[2025-11-28 10:24:54Z INFO ConfigurationStore] ServiceConfigFilePath: /Users/waney/Documents/메가존/argoCD/actions-runner/.service
[2025-11-28 10:24:54Z INFO CommandSettings] Flag 'help': 'False'
[2025-11-28 10:24:54Z INFO CommandSettings] Flag 'version': 'False'
[2025-11-28 10:24:54Z INFO CommandSettings] Flag 'commit': 'False'
[2025-11-28 10:24:54Z INFO CommandSettings] Flag 'check': 'False'
[2025-11-28 10:24:54Z INFO CommandSettings] Command 'configure': 'True'
[2025-11-28 10:24:55Z INFO Terminal] WRITE LINE: 
[2025-11-28 10:24:55Z INFO Terminal] WRITE LINE: --------------------------------------------------------------------------------
[2025-11-28 10:24:55Z INFO Terminal] WRITE LINE: |        ____ _ _   _   _       _          _        _   _                      |
[2025-11-28 10:24:55Z INFO Terminal] WRITE LINE: |       / ___(_) |_| | | |_   _| |__      / \   ___| |_(_) ___  _ __  ___      |
[2025-11-28 10:24:55Z INFO Terminal] WRITE LINE: |      | |  _| | __| |_| | | | | '_ \    / _ \ / __| __| |/ _ \| '_ \/ __|     |
[2025-11-28 10:24:55Z INFO Terminal] WRITE LINE: |      | |_| | | |_|  _  | |_| | |_) |  / ___ \ (__| |_| | (_) | | | \__ \     |
[2025-11-28 10:24:55Z INFO Terminal] WRITE LINE: |       \____|_|\__|_| |_|\__,_|_.__/  /_/   \_\___|\__|_|\___/|_| |_|___/     |
[2025-11-28 10:24:55Z INFO Terminal] WRITE LINE: |                                                                              |
[2025-11-28 10:24:55Z INFO Terminal] WRITE: |                       
[2025-11-28 10:24:55Z INFO Terminal] WRITE: Self-hosted runner registration
[2025-11-28 10:24:55Z INFO Terminal] WRITE LINE:                         |
[2025-11-28 10:24:55Z INFO Terminal] WRITE LINE: |                                                                              |
[2025-11-28 10:24:55Z INFO Terminal] WRITE LINE: --------------------------------------------------------------------------------
[2025-11-28 10:24:55Z INFO ConfigurationManager] ConfigureAsync
[2025-11-28 10:24:55Z INFO ConfigurationStore] IsConfigured()
[2025-11-28 10:24:55Z INFO ConfigurationStore] IsConfigured: False
[2025-11-28 10:24:55Z INFO ConfigurationManager] Is configured: False
[2025-11-28 10:24:55Z INFO CommandSettings] Arg 'url': 'https://github.com/ANchangwan/CI-CD-Practice.git'
[2025-11-28 10:24:55Z INFO CommandSettings] Remove url from Arg dictionary.
[2025-11-28 10:24:55Z INFO CommandSettings] Arg 'token': '***'
[2025-11-28 10:24:55Z INFO CommandSettings] Remove token from Arg dictionary.
[2025-11-28 10:25:01Z ERR  Terminal] WRITE ERROR: Http response code: NotFound from 'POST https://api.github.com/actions/runner-registration'
[2025-11-28 10:25:01Z ERR  Terminal] WRITE ERROR: {"message":"Not Found","documentation_url":"https://docs.github.com/rest","status":"404"}
[2025-11-28 10:25:01Z ERR  Runner] System.Net.Http.HttpRequestException: Response status code does not indicate success: 404 (Not Found).
   at System.Net.Http.HttpResponseMessage.EnsureSuccessStatusCode()
   at GitHub.Runner.Listener.Configuration.ConfigurationManager.GetTenantCredential(String githubUrl, String githubToken, String runnerEvent)
   at GitHub.Runner.Listener.Configuration.ConfigurationManager.ConfigureAsync(CommandSettings command)
   at GitHub.Runner.Listener.Runner.ExecuteCommand(CommandSettings command)
[2025-11-28 10:25:01Z ERR  Terminal] WRITE ERROR: Response status code does not indicate success: 404 (Not Found).
[2025-11-28 10:25:01Z INFO Listener] Runner execution has finished with return code 1
